0 info it worked if it ends with ok
1 verbose cli [ '/Users/clutch/node-v5.1.0-darwin-x64/bin/node',
1 verbose cli   '/Users/clutch/node-v5.1.0-darwin-x64/bin/npm',
1 verbose cli   'start' ]
2 info using npm@3.3.12
3 info using node@v5.1.0
4 verbose run-script [ 'prestart', 'start', 'poststart' ]
5 info lifecycle build-tools@1.0.0~prestart: build-tools@1.0.0
6 silly lifecycle build-tools@1.0.0~prestart: no script for prestart, continuing
7 info lifecycle build-tools@1.0.0~start: build-tools@1.0.0
8 verbose lifecycle build-tools@1.0.0~start: unsafe-perm in lifecycle true
9 verbose lifecycle build-tools@1.0.0~start: PATH: /Users/clutch/node-v5.1.0-darwin-x64/lib/node_modules/npm/bin/node-gyp-bin:/Users/clutch/Workspace/INFO343/info343-class-code/build-tools/node_modules/.bin:/Users/clutch/node-v5.1.0-darwin-x64/bin:/Users/clutch/nvm/versions/node/v5.1.0/bin:/Users/clutch/.rvm/gems/ruby-1.9.3-p551/bin:/Users/clutch/.rvm/gems/ruby-1.9.3-p551@global/bin:/Users/clutch/.rvm/rubies/ruby-1.9.3-p551/bin:/Library/Frameworks/Python.framework/Versions/3.4/bin:/Users/clutch/.nvm/v0.10.36/bin:/Users/clutch/.rbenv/shims:/usr/local/bin:/usr/local/sbin:/usr/local/mysql/bin:/Users/clutch/.rbenv/shims:/usr/local/bin:/usr/bin:/bin:/usr/sbin:/sbin:/Users/clutch/.rvm/bin:/Users/clutch/nvm/versions/node/v5.1.0/bin:/Users/clutch/.rvm/gems/ruby-1.9.3-p551/bin:/Users/clutch/.rvm/gems/ruby-1.9.3-p551@global/bin:/Users/clutch/.rvm/rubies/ruby-1.9.3-p551/bin:/Library/Frameworks/Python.framework/Versions/3.4/bin:/Users/clutch/.nvm/v0.10.36/bin:/Users/clutch/.rbenv/shims:/usr/local/bin:/usr/local/sbin:/usr/local/mysql/bin:/Users/clutch/.rbenv/shims:/usr/local/bin:/usr/bin:/bin:/usr/sbin:/sbin:/Users/clutch/.rvm/bin
10 verbose lifecycle build-tools@1.0.0~start: CWD: /Users/clutch/Workspace/INFO343/info343-class-code/build-tools
11 silly lifecycle build-tools@1.0.0~start: Args: [ '-c', 'node server.js' ]
12 silly lifecycle build-tools@1.0.0~start: Returned: code: 1  signal: null
13 info lifecycle build-tools@1.0.0~start: Failed to exec start script
14 verbose stack Error: build-tools@1.0.0 start: `node server.js`
14 verbose stack Exit status 1
14 verbose stack     at EventEmitter.<anonymous> (/Users/clutch/node-v5.1.0-darwin-x64/lib/node_modules/npm/lib/utils/lifecycle.js:232:16)
14 verbose stack     at emitTwo (events.js:87:13)
14 verbose stack     at EventEmitter.emit (events.js:172:7)
14 verbose stack     at ChildProcess.<anonymous> (/Users/clutch/node-v5.1.0-darwin-x64/lib/node_modules/npm/lib/utils/spawn.js:24:14)
14 verbose stack     at emitTwo (events.js:87:13)
14 verbose stack     at ChildProcess.emit (events.js:172:7)
14 verbose stack     at maybeClose (internal/child_process.js:818:16)
14 verbose stack     at Process.ChildProcess._handle.onexit (internal/child_process.js:211:5)
15 verbose pkgid build-tools@1.0.0
16 verbose cwd /Users/clutch/Workspace/INFO343/info343-class-code/build-tools
17 error Darwin 14.5.0
18 error argv "/Users/clutch/node-v5.1.0-darwin-x64/bin/node" "/Users/clutch/node-v5.1.0-darwin-x64/bin/npm" "start"
19 error node v5.1.0
20 error npm  v3.3.12
21 error code ELIFECYCLE
22 error build-tools@1.0.0 start: `node server.js`
22 error Exit status 1
23 error Failed at the build-tools@1.0.0 start script 'node server.js'.
23 error Make sure you have the latest version of node.js and npm installed.
23 error If you do, this is most likely a problem with the build-tools package,
23 error not with npm itself.
23 error Tell the author that this fails on your system:
23 error     node server.js
23 error You can get their info via:
23 error     npm owner ls build-tools
23 error There is likely additional logging output above.
24 verbose exit [ 1, true ]
